"Start of log file."
"C:/Users/ARANJO~1/Desktop/UNITYG~1/NEWUNI~1/Assets/BB8NEW~1/BB8RIG~2.MAX"
"Starting max loading and fbx conversion"
window = undefined
"Settings units"
"Before fbx export"
"After fbx export"
"Finished max loading and fbx conversion"
"C:/Users/ARANJO~1/Desktop/UNITYG~1/NEWUNI~1/Assets/BB8NEW~1/BB8RIG~1.MAX"
"Starting max loading and fbx conversion"
window = undefined
"Settings units"
"Before fbx export"
"After fbx export"
"Finished max loading and fbx conversion"
"C:/Users/ARANJO~1/Desktop/UNITYG~1/NEWUNI~1/Assets/Prefabs/MARIOG~1.MAX"
"Starting max loading and fbx conversion"
window = undefined
"Settings units"
"Before fbx export"
"After fbx export"
"Finished max loading and fbx conversion"
